P 0 0 610 0 12
R 0 0 640 9 9
R 0 0 600 3 19
K 0 0 900 13 3
K 0 0 1460 5 2
K 0 0 900 5 14
K 0 0 900 8 17
P 0 0 550 8 11
W 0 0 400 10 8
P 0 0 600 18 2
R 0 0 600 13 1
W 0 0 400 6 4
P 0 0 550 11 13
K 0 0 1220 16 8
W 0 0 82 15 4
W 0 0 460 3 4
R 0 0 760 5 8
P 0 0 500 18 3
W 0 0 280 7 6
K 0 0 884 9 3
P 0 0 800 11 2
P 0 0 800 17 19
P 0 0 500 1 18
P 0 0 800 16 8
W 0 0 580 19 13
R 0 0 920 11 2
P 0 0 600 4 2
P 0 0 550 10 14
K 0 0 1620 19 13
W 0 0 430 16 11
K 0 0 940 17 15
K 0 0 830 12 10
R 0 0 720 4 2
W 0 0 324 7 13
R 0 0 680 18 16
P 0 0 406 4 8
K 0 0 900 10 7
W 0 0 370 7 10
R 0 0 600 18 0
K 0 0 900 3 13
P 0 0 500 10 4
W 0 0 354 10 15
K 0 0 1100 19 9
R 0 0 612 7 0
K 0 0 980 6 1
R 0 0 680 2 11
P 0 0 275 2 13
W 0 0 520 16 14
K 0 0 1300 18 2
P 0 0 610 2 16
