P dead
R 0 0 290 9 9
R 0 0 600 3 19
K 0 0 900 13 3
K dead
K 0 0 900 5 14
K 0 0 900 8 17
P 0 200 470 8 11
W 0 0 400 10 8
P dead
R 0 0 600 13 1
W 0 0 400 6 4
P 0 0 190 11 13
K dead
W dead
W dead
R dead
P 0 0 500 18 3
W 0 0 100 7 6
K 0 0 592 9 3
P dead
P dead
P 0 0 500 1 18
P dead
W dead
R dead
P dead
P 0 200 470 10 14
K dead
W 0 0 375 16 11
K dead
K dead
R dead
W dead
R dead
P 0 0 202 4 8
K 0 0 900 10 7
W dead
R 0 0 600 18 0
K 0 0 900 3 13
P 0 0 500 10 4
W dead
K dead
R 9 680 32 7 0
K dead
R 5 480 33 2 11
P dead
W dead
K dead
P dead
